<?xml version="1.0" encoding="UTF-8" ?>
<testsuite tests="1" failures="0" name="exemplo.jpa.test.AddressCrudTest" time="32.972" errors="1" skipped="0">
  <properties>
    <property name="java.runtime.name" value="Java(TM) SE Runtime Environment"/>
    <property name="sun.boot.library.path" value="C:\Program Files\Java\jdk1.8.0_201\jre\bin"/>
    <property name="java.vm.version" value="25.201-b09"/>
    <property name="java.vm.vendor" value="Oracle Corporation"/>
    <property name="java.vendor.url" value="http://java.oracle.com/"/>
    <property name="path.separator" value=";"/>
    <property name="guice.disable.misplaced.annotation.check" value="true"/>
    <property name="java.vm.name" value="Java HotSpot(TM) 64-Bit Server VM"/>
    <property name="file.encoding.pkg" value="sun.io"/>
    <property name="user.script" value=""/>
    <property name="user.country" value="BR"/>
    <property name="sun.java.launcher" value="SUN_STANDARD"/>
    <property name="sun.os.patch.level" value=""/>
    <property name="java.vm.specification.name" value="Java Virtual Machine Specification"/>
    <property name="user.dir" value="C:\Users\Guilherme Henrique\Desktop\Descorp Pegando\Descorp"/>
    <property name="java.runtime.version" value="1.8.0_201-b09"/>
    <property name="java.awt.graphicsenv" value="sun.awt.Win32GraphicsEnvironment"/>
    <property name="java.endorsed.dirs" value="C:\Program Files\Java\jdk1.8.0_201\jre\lib\endorsed"/>
    <property name="os.arch" value="amd64"/>
    <property name="java.io.tmpdir" value="C:\Users\GUILHE~1\AppData\Local\Temp\"/>
    <property name="line.separator" value="
"/>
    <property name="java.vm.specification.vendor" value="Oracle Corporation"/>
    <property name="user.variant" value=""/>
    <property name="os.name" value="Windows 10"/>
    <property name="maven.ext.class.path" value="C:\Program Files\NetBeans 8.0.2\java\maven-nblib\netbeans-eventspy.jar"/>
    <property name="classworlds.conf" value="C:\Program Files\NetBeans 8.0.2\java\maven\bin\m2.conf"/>
    <property name="sun.jnu.encoding" value="Cp1252"/>
    <property name="java.library.path" value="C:\Program Files\Java\jdk1.8.0_201\bin;C:\Windows\Sun\Java\bin;C:\Windows\system32;C:\Windows;C:\Program Files (x86)\Common Files\Oracle\Java\javapath;C:\Program Files (x86)\Java\jdk1.8.0_111;C:\Windows\system32;C:\Windows;C:\Windows\System32\Wbem;C:\Windows\System32\WindowsPowerShell\v1.0\;C:\Windows\System32\OpenSSH\;C:\Program Files\Git\cmd;C:\Program Files (x86)\nodejs\;C:\Program Files\MySQL\MySQL Shell 8.0\bin\;."/>
    <property name="java.specification.name" value="Java Platform API Specification"/>
    <property name="java.class.version" value="52.0"/>
    <property name="sun.management.compiler" value="HotSpot 64-Bit Tiered Compilers"/>
    <property name="os.version" value="10.0"/>
    <property name="user.home" value="C:\Users\Guilherme Henrique"/>
    <property name="user.timezone" value="America/Cayenne"/>
    <property name="java.awt.printerjob" value="sun.awt.windows.WPrinterJob"/>
    <property name="java.specification.version" value="1.8"/>
    <property name="file.encoding" value="UTF-8"/>
    <property name="user.name" value="Guilherme Henrique"/>
    <property name="java.class.path" value="C:\Program Files\NetBeans 8.0.2\java\maven\boot\plexus-classworlds-2.4.jar"/>
    <property name="java.vm.specification.version" value="1.8"/>
    <property name="sun.arch.data.model" value="64"/>
    <property name="java.home" value="C:\Program Files\Java\jdk1.8.0_201\jre"/>
    <property name="sun.java.command" value="org.codehaus.plexus.classworlds.launcher.Launcher -Dmaven.ext.class.path=C:\Program Files\NetBeans 8.0.2\java\maven-nblib\netbeans-eventspy.jar -Dfile.encoding=UTF-8 install"/>
    <property name="java.specification.vendor" value="Oracle Corporation"/>
    <property name="user.language" value="pt"/>
    <property name="awt.toolkit" value="sun.awt.windows.WToolkit"/>
    <property name="java.vm.info" value="mixed mode"/>
    <property name="java.version" value="1.8.0_201"/>
    <property name="java.ext.dirs" value="C:\Program Files\Java\jdk1.8.0_201\jre\lib\ext;C:\Windows\Sun\Java\lib\ext"/>
    <property name="sun.boot.class.path" value="C:\Program Files\Java\jdk1.8.0_201\jre\lib\resources.jar;C:\Program Files\Java\jdk1.8.0_201\jre\lib\rt.jar;C:\Program Files\Java\jdk1.8.0_201\jre\lib\sunrsasign.jar;C:\Program Files\Java\jdk1.8.0_201\jre\lib\jsse.jar;C:\Program Files\Java\jdk1.8.0_201\jre\lib\jce.jar;C:\Program Files\Java\jdk1.8.0_201\jre\lib\charsets.jar;C:\Program Files\Java\jdk1.8.0_201\jre\lib\jfr.jar;C:\Program Files\Java\jdk1.8.0_201\jre\classes"/>
    <property name="java.vendor" value="Oracle Corporation"/>
    <property name="maven.home" value="C:\Program Files\NetBeans 8.0.2\java\maven"/>
    <property name="file.separator" value="\"/>
    <property name="java.vendor.url.bug" value="http://bugreport.sun.com/bugreport/"/>
    <property name="sun.cpu.endian" value="little"/>
    <property name="sun.io.unicode.encoding" value="UnicodeLittle"/>
    <property name="sun.desktop" value="windows"/>
    <property name="sun.cpu.isalist" value="amd64"/>
  </properties>
  <testcase classname="exemplo.jpa.test.AddressCrudTest" name="exemplo.jpa.test.AddressCrudTest" time="0">
    <error message="TB_INTERNALPROJECT" type="java.lang.RuntimeException">java.lang.RuntimeException: TB_INTERNALPROJECT
	at exemplo.jpa.test.DbUnitUtil.inserirDados(DbUnitUtil.java:46)
	at exemplo.jpa.test.GenericTest.setUpClass(GenericTest.java:39)
	at sun.reflect.NativeMethodAccessorImpl.invoke0(Native Method)
	at sun.reflect.NativeMethodAccessorImpl.invoke(NativeMethodAccessorImpl.java:62)
	at sun.reflect.DelegatingMethodAccessorImpl.invoke(DelegatingMethodAccessorImpl.java:43)
	at java.lang.reflect.Method.invoke(Method.java:498)
	at org.junit.runners.model.FrameworkMethod$1.runReflectiveCall(FrameworkMethod.java:50)
	at org.junit.internal.runners.model.ReflectiveCallable.run(ReflectiveCallable.java:12)
	at org.junit.runners.model.FrameworkMethod.invokeExplosively(FrameworkMethod.java:47)
	at org.junit.internal.runners.statements.RunBefores.evaluate(RunBefores.java:24)
	at org.junit.internal.runners.statements.RunAfters.evaluate(RunAfters.java:27)
	at org.junit.runners.ParentRunner.run(ParentRunner.java:363)
	at org.apache.maven.surefire.junit4.JUnit4TestSet.execute(JUnit4TestSet.java:53)
	at org.apache.maven.surefire.junit4.JUnit4Provider.executeTestSet(JUnit4Provider.java:123)
	at org.apache.maven.surefire.junit4.JUnit4Provider.invoke(JUnit4Provider.java:104)
	at sun.reflect.NativeMethodAccessorImpl.invoke0(Native Method)
	at sun.reflect.NativeMethodAccessorImpl.invoke(NativeMethodAccessorImpl.java:62)
	at sun.reflect.DelegatingMethodAccessorImpl.invoke(DelegatingMethodAccessorImpl.java:43)
	at java.lang.reflect.Method.invoke(Method.java:498)
	at org.apache.maven.surefire.util.ReflectionUtils.invokeMethodWithArray(ReflectionUtils.java:164)
	at org.apache.maven.surefire.booter.ProviderFactory$ProviderProxy.invoke(ProviderFactory.java:110)
	at org.apache.maven.surefire.booter.SurefireStarter.invokeProvider(SurefireStarter.java:175)
	at org.apache.maven.surefire.booter.SurefireStarter.runSuitesInProcessWhenForked(SurefireStarter.java:107)
	at org.apache.maven.surefire.booter.ForkedBooter.main(ForkedBooter.java:68)
Caused by: org.dbunit.dataset.NoSuchTableException: TB_INTERNALPROJECT
	at org.dbunit.database.DatabaseDataSet.getTableMetaData(DatabaseDataSet.java:305)
	at org.dbunit.operation.DeleteAllOperation.execute(DeleteAllOperation.java:109)
	at org.dbunit.operation.CompositeOperation.execute(CompositeOperation.java:79)
	at exemplo.jpa.test.DbUnitUtil.inserirDados(DbUnitUtil.java:44)
	... 23 more
</error>
    <system-out>[EL Fine]: server: 2019-10-03 00:27:24.667--Thread(Thread[main,5,main])--Configured server platform: org.eclipse.persistence.platform.server.NoServerPlatform
[EL Config]: metadata: 2019-10-03 00:27:24.825--ServerSession(838411509)--Thread(Thread[main,5,main])--The access type for the persistent class [class exemplo.jpa.User] is set to [FIELD].
[EL Config]: metadata: 2019-10-03 00:27:24.848--ServerSession(838411509)--Thread(Thread[main,5,main])--The target entity (reference) class for the one to one mapping element [field address] is being defaulted to: class exemplo.jpa.Address.
[EL Config]: metadata: 2019-10-03 00:27:24.855--ServerSession(838411509)--Thread(Thread[main,5,main])--The target entity (reference) class for the many to many mapping element [field projetos] is being defaulted to: class exemplo.jpa.Project.
[EL Config]: metadata: 2019-10-03 00:27:24.857--ServerSession(838411509)--Thread(Thread[main,5,main])--The target entity (reference) class for the one to many mapping element [field requests] is being defaulted to: class exemplo.jpa.Request.
[EL Config]: metadata: 2019-10-03 00:27:24.857--ServerSession(838411509)--Thread(Thread[main,5,main])--The target entity (reference) class for the one to one mapping element [field bank_Details] is being defaulted to: class exemplo.jpa.Bank_Details.
[EL Config]: metadata: 2019-10-03 00:27:24.857--ServerSession(838411509)--Thread(Thread[main,5,main])--The target entity (reference) class for the one to many mapping element [field itinerarys] is being defaulted to: class exemplo.jpa.Itinerary.
[EL Config]: metadata: 2019-10-03 00:27:24.859--ServerSession(838411509)--Thread(Thread[main,5,main])--The target entity (reference) class for the many to one mapping element [field user] is being defaulted to: class exemplo.jpa.User.
[EL Config]: metadata: 2019-10-03 00:27:24.86--ServerSession(838411509)--Thread(Thread[main,5,main])--The target entity (reference) class for the many to many mapping element [field users] is being defaulted to: class exemplo.jpa.User.
[EL Config]: metadata: 2019-10-03 00:27:24.86--ServerSession(838411509)--Thread(Thread[main,5,main])--The access type for the persistent class [class exemplo.jpa.ProjectCliente] is set to [FIELD].
[EL Config]: metadata: 2019-10-03 00:27:24.862--ServerSession(838411509)--Thread(Thread[main,5,main])--The target entity (reference) class for the many to one mapping element [field flight] is being defaulted to: class exemplo.jpa.Flight.
[EL Config]: metadata: 2019-10-03 00:27:24.862--ServerSession(838411509)--Thread(Thread[main,5,main])--The target entity (reference) class for the many to one mapping element [field agency] is being defaulted to: class exemplo.jpa.Agency.
[EL Config]: metadata: 2019-10-03 00:27:24.863--ServerSession(838411509)--Thread(Thread[main,5,main])--The target entity (reference) class for the many to one mapping element [field hotel] is being defaulted to: class exemplo.jpa.Hotel.
[EL Config]: metadata: 2019-10-03 00:27:24.863--ServerSession(838411509)--Thread(Thread[main,5,main])--The target entity (reference) class for the many to one mapping element [field itinerary] is being defaulted to: class exemplo.jpa.Itinerary.
[EL Config]: metadata: 2019-10-03 00:27:24.864--ServerSession(838411509)--Thread(Thread[main,5,main])--The target entity (reference) class for the many to one mapping element [field request] is being defaulted to: class exemplo.jpa.Request.
[EL Config]: metadata: 2019-10-03 00:27:24.865--ServerSession(838411509)--Thread(Thread[main,5,main])--The target entity (reference) class for the one to many mapping element [field quotes] is being defaulted to: class exemplo.jpa.Quote.
[EL Config]: metadata: 2019-10-03 00:27:24.865--ServerSession(838411509)--Thread(Thread[main,5,main])--The target entity (reference) class for the one to one mapping element [field address] is being defaulted to: class exemplo.jpa.Address.
[EL Config]: metadata: 2019-10-03 00:27:24.866--ServerSession(838411509)--Thread(Thread[main,5,main])--The target entity (reference) class for the one to many mapping element [field quotes] is being defaulted to: class exemplo.jpa.Quote.
[EL Config]: metadata: 2019-10-03 00:27:24.866--ServerSession(838411509)--Thread(Thread[main,5,main])--The access type for the persistent class [class exemplo.jpa.InternalProject] is set to [FIELD].
[EL Config]: metadata: 2019-10-03 00:27:24.867--ServerSession(838411509)--Thread(Thread[main,5,main])--The target entity (reference) class for the one to many mapping element [field quotes] is being defaulted to: class exemplo.jpa.Quote.
[EL Config]: metadata: 2019-10-03 00:27:24.868--ServerSession(838411509)--Thread(Thread[main,5,main])--The target entity (reference) class for the one to one mapping element [field address] is being defaulted to: class exemplo.jpa.Address.
[EL Config]: metadata: 2019-10-03 00:27:24.868--ServerSession(838411509)--Thread(Thread[main,5,main])--The target entity (reference) class for the one to many mapping element [field quotes] is being defaulted to: class exemplo.jpa.Quote.
[EL Config]: metadata: 2019-10-03 00:27:24.868--ServerSession(838411509)--Thread(Thread[main,5,main])--The alias name for the entity class [class exemplo.jpa.User] is being defaulted to: User.
[EL Config]: metadata: 2019-10-03 00:27:24.886--ServerSession(838411509)--Thread(Thread[main,5,main])--The column name for element [id] is being defaulted to: ID.
[EL Config]: metadata: 2019-10-03 00:27:24.887--ServerSession(838411509)--Thread(Thread[main,5,main])--The alias name for the entity class [class exemplo.jpa.Request] is being defaulted to: Request.
[EL Config]: metadata: 2019-10-03 00:27:24.887--ServerSession(838411509)--Thread(Thread[main,5,main])--The table name for entity [class exemplo.jpa.Request] is being defaulted to: REQUEST.
[EL Config]: metadata: 2019-10-03 00:27:24.89--ServerSession(838411509)--Thread(Thread[main,5,main])--The column name for element [id] is being defaulted to: ID.
[EL Config]: metadata: 2019-10-03 00:27:24.89--ServerSession(838411509)--Thread(Thread[main,5,main])--The alias name for the entity class [class exemplo.jpa.ProjectCliente] is being defaulted to: ProjectCliente.
[EL Config]: metadata: 2019-10-03 00:27:24.891--ServerSession(838411509)--Thread(Thread[main,5,main])--The alias name for the entity class [class exemplo.jpa.Project] is being defaulted to: Project.
[EL Config]: metadata: 2019-10-03 00:27:24.893--ServerSession(838411509)--Thread(Thread[main,5,main])--The column name for element [id] is being defaulted to: ID.
[EL Config]: metadata: 2019-10-03 00:27:24.894--ServerSession(838411509)--Thread(Thread[main,5,main])--The alias name for the entity class [class exemplo.jpa.Bank_Details] is being defaulted to: Bank_Details.
[EL Config]: metadata: 2019-10-03 00:27:24.894--ServerSession(838411509)--Thread(Thread[main,5,main])--The table name for entity [class exemplo.jpa.Bank_Details] is being defaulted to: BANK_DETAILS.
[EL Config]: metadata: 2019-10-03 00:27:24.895--ServerSession(838411509)--Thread(Thread[main,5,main])--The column name for element [id] is being defaulted to: ID.
[EL Config]: metadata: 2019-10-03 00:27:24.895--ServerSession(838411509)--Thread(Thread[main,5,main])--The alias name for the entity class [class exemplo.jpa.Quote] is being defaulted to: Quote.
[EL Config]: metadata: 2019-10-03 00:27:24.896--ServerSession(838411509)--Thread(Thread[main,5,main])--The table name for entity [class exemplo.jpa.Quote] is being defaulted to: QUOTE.
[EL Config]: metadata: 2019-10-03 00:27:24.896--ServerSession(838411509)--Thread(Thread[main,5,main])--The column name for element [id] is being defaulted to: ID.
[EL Config]: metadata: 2019-10-03 00:27:24.897--ServerSession(838411509)--Thread(Thread[main,5,main])--The alias name for the entity class [class exemplo.jpa.Address] is being defaulted to: Address.
[EL Config]: metadata: 2019-10-03 00:27:24.897--ServerSession(838411509)--Thread(Thread[main,5,main])--The table name for entity [class exemplo.jpa.Address] is being defaulted to: ADDRESS.
[EL Config]: metadata: 2019-10-03 00:27:24.897--ServerSession(838411509)--Thread(Thread[main,5,main])--The column name for element [id] is being defaulted to: ID.
[EL Config]: metadata: 2019-10-03 00:27:24.898--ServerSession(838411509)--Thread(Thread[main,5,main])--The alias name for the entity class [class exemplo.jpa.Itinerary] is being defaulted to: Itinerary.
[EL Config]: metadata: 2019-10-03 00:27:24.898--ServerSession(838411509)--Thread(Thread[main,5,main])--The table name for entity [class exemplo.jpa.Itinerary] is being defaulted to: ITINERARY.
[EL Config]: metadata: 2019-10-03 00:27:24.899--ServerSession(838411509)--Thread(Thread[main,5,main])--The column name for element [id] is being defaulted to: ID.
[EL Config]: metadata: 2019-10-03 00:27:24.899--ServerSession(838411509)--Thread(Thread[main,5,main])--The alias name for the entity class [class exemplo.jpa.Agency] is being defaulted to: Agency.
[EL Config]: metadata: 2019-10-03 00:27:24.9--ServerSession(838411509)--Thread(Thread[main,5,main])--The table name for entity [class exemplo.jpa.Agency] is being defaulted to: AGENCY.
[EL Config]: metadata: 2019-10-03 00:27:24.9--ServerSession(838411509)--Thread(Thread[main,5,main])--The column name for element [Id] is being defaulted to: ID.
[EL Config]: metadata: 2019-10-03 00:27:24.901--ServerSession(838411509)--Thread(Thread[main,5,main])--The alias name for the entity class [class exemplo.jpa.InternalProject] is being defaulted to: InternalProject.
[EL Config]: metadata: 2019-10-03 00:27:24.901--ServerSession(838411509)--Thread(Thread[main,5,main])--The alias name for the entity class [class exemplo.jpa.Flight] is being defaulted to: Flight.
[EL Config]: metadata: 2019-10-03 00:27:24.902--ServerSession(838411509)--Thread(Thread[main,5,main])--The table name for entity [class exemplo.jpa.Flight] is being defaulted to: FLIGHT.
[EL Config]: metadata: 2019-10-03 00:27:24.903--ServerSession(838411509)--Thread(Thread[main,5,main])--The column name for element [id] is being defaulted to: ID.
[EL Config]: metadata: 2019-10-03 00:27:24.904--ServerSession(838411509)--Thread(Thread[main,5,main])--The alias name for the entity class [class exemplo.jpa.Hotel] is being defaulted to: Hotel.
[EL Config]: metadata: 2019-10-03 00:27:24.904--ServerSession(838411509)--Thread(Thread[main,5,main])--The table name for entity [class exemplo.jpa.Hotel] is being defaulted to: HOTEL.
[EL Config]: metadata: 2019-10-03 00:27:24.905--ServerSession(838411509)--Thread(Thread[main,5,main])--The column name for element [id] is being defaulted to: ID.
[EL Config]: metadata: 2019-10-03 00:27:24.93--ServerSession(838411509)--Thread(Thread[main,5,main])--The source primary key column name for the many to many mapping [field projetos] is being defaulted to: ID.
[EL Config]: metadata: 2019-10-03 00:27:24.93--ServerSession(838411509)--Thread(Thread[main,5,main])--The target primary key column name for the many to many mapping [field projetos] is being defaulted to: ID.
[EL Info]: 2019-10-03 00:27:25.827--ServerSession(838411509)--Thread(Thread[main,5,main])--EclipseLink, version: Eclipse Persistence Services - 2.6.5.v20170607-b3d05bd
[EL Config]: connection: 2019-10-03 00:27:25.834--ServerSession(838411509)--Connection(1360518503)--Thread(Thread[main,5,main])--connecting(DatabaseLogin(
	platform=&gt;MySQLPlatform
	user name=&gt; &quot;root&quot;
	datasource URL=&gt; &quot;jdbc:mysql://localhost:3306/truetravel&quot;
))
[EL Config]: connection: 2019-10-03 00:27:26.26--ServerSession(838411509)--Connection(2049051802)--Thread(Thread[main,5,main])--Connected: jdbc:mysql://localhost:3306/truetravel
	User: root@localhost
	Database: MySQL  Version: 5.7.27-log
	Driver: MySQL Connector Java  Version: mysql-connector-java-5.1.34 ( Revision: jess.balint@oracle.com-20141014163213-wqbwpf1ok2kvo1om )
[EL Warning]: metadata: 2019-10-03 00:27:26.274--ServerSession(838411509)--Thread(Thread[main,5,main])--Reverting the lazy setting on the OneToOne or ManyToOne attribute [address] for the entity class [class exemplo.jpa.Agency] since weaving was not enabled or did not occur.
[EL Warning]: metadata: 2019-10-03 00:27:26.297--ServerSession(838411509)--Thread(Thread[main,5,main])--Reverting the lazy setting on the OneToOne or ManyToOne attribute [address] for the entity class [class exemplo.jpa.User] since weaving was not enabled or did not occur.
[EL Warning]: metadata: 2019-10-03 00:27:26.298--ServerSession(838411509)--Thread(Thread[main,5,main])--Reverting the lazy setting on the OneToOne or ManyToOne attribute [flight] for the entity class [class exemplo.jpa.Quote] since weaving was not enabled or did not occur.
[EL Warning]: metadata: 2019-10-03 00:27:26.299--ServerSession(838411509)--Thread(Thread[main,5,main])--Reverting the lazy setting on the OneToOne or ManyToOne attribute [agency] for the entity class [class exemplo.jpa.Quote] since weaving was not enabled or did not occur.
[EL Warning]: metadata: 2019-10-03 00:27:26.299--ServerSession(838411509)--Thread(Thread[main,5,main])--Reverting the lazy setting on the OneToOne or ManyToOne attribute [hotel] for the entity class [class exemplo.jpa.Quote] since weaving was not enabled or did not occur.
[EL Warning]: metadata: 2019-10-03 00:27:26.299--ServerSession(838411509)--Thread(Thread[main,5,main])--Reverting the lazy setting on the OneToOne or ManyToOne attribute [itinerary] for the entity class [class exemplo.jpa.Quote] since weaving was not enabled or did not occur.
[EL Warning]: metadata: 2019-10-03 00:27:26.301--ServerSession(838411509)--Thread(Thread[main,5,main])--Reverting the lazy setting on the OneToOne or ManyToOne attribute [request] for the entity class [class exemplo.jpa.Itinerary] since weaving was not enabled or did not occur.
[EL Warning]: metadata: 2019-10-03 00:27:26.302--ServerSession(838411509)--Thread(Thread[main,5,main])--Reverting the lazy setting on the OneToOne or ManyToOne attribute [user] for the entity class [class exemplo.jpa.Request] since weaving was not enabled or did not occur.
[EL Info]: connection: 2019-10-03 00:27:26.44--ServerSession(838411509)--Thread(Thread[main,5,main])--/file:/C:/Users/Guilherme Henrique/Desktop/Descorp Pegando/Descorp/target/classes/_truetravel login successful
[EL Fine]: sql: 2019-10-03 00:27:26.466--ServerSession(838411509)--Connection(2049051802)--Thread(Thread[main,5,main])--ALTER TABLE AGENCY DROP FOREIGN KEY FK_AGENCY_ID_ADDRESS
[EL Fine]: sql: 2019-10-03 00:27:26.868--ServerSession(838411509)--Connection(2049051802)--Thread(Thread[main,5,main])--ALTER TABLE HOTEL DROP FOREIGN KEY FK_HOTEL_ID_ADDRESS
[EL Fine]: sql: 2019-10-03 00:27:28.199--ServerSession(838411509)--Connection(2049051802)--Thread(Thread[main,5,main])--ALTER TABLE ITINERARY DROP FOREIGN KEY FK_ITINERARY_ID_REQUEST
[EL Fine]: sql: 2019-10-03 00:27:29.139--ServerSession(838411509)--Connection(2049051802)--Thread(Thread[main,5,main])--ALTER TABLE QUOTE DROP FOREIGN KEY FK_QUOTE_ID_HOTEL
[EL Fine]: sql: 2019-10-03 00:27:29.359--ServerSession(838411509)--Connection(2049051802)--Thread(Thread[main,5,main])--ALTER TABLE QUOTE DROP FOREIGN KEY FK_QUOTE_ID_AGENCY
[EL Fine]: sql: 2019-10-03 00:27:31.599--ServerSession(838411509)--Connection(2049051802)--Thread(Thread[main,5,main])--ALTER TABLE QUOTE DROP FOREIGN KEY FK_QUOTE_ID_ITINERARY
[EL Fine]: sql: 2019-10-03 00:27:33.147--ServerSession(838411509)--Connection(2049051802)--Thread(Thread[main,5,main])--ALTER TABLE QUOTE DROP FOREIGN KEY FK_QUOTE_ID_FLIGHT
[EL Fine]: sql: 2019-10-03 00:27:33.732--ServerSession(838411509)--Connection(2049051802)--Thread(Thread[main,5,main])--ALTER TABLE REQUEST DROP FOREIGN KEY FK_REQUEST_ID_USER
[EL Fine]: sql: 2019-10-03 00:27:35.348--ServerSession(838411509)--Connection(2049051802)--Thread(Thread[main,5,main])--ALTER TABLE USER_TABLE DROP FOREIGN KEY FK_USER_TABLE_ID_ADDRESS
[EL Fine]: sql: 2019-10-03 00:27:36.378--ServerSession(838411509)--Connection(2049051802)--Thread(Thread[main,5,main])--ALTER TABLE USER_TABLE DROP FOREIGN KEY FK_USER_TABLE_ID_BANK_DETAILS
[EL Fine]: sql: 2019-10-03 00:27:38.648--ServerSession(838411509)--Connection(2049051802)--Thread(Thread[main,5,main])--ALTER TABLE TB_INTERNALPROJECT DROP FOREIGN KEY FK_TB_INTERNALPROJECT_ID
[EL Fine]: sql: 2019-10-03 00:27:39.898--ServerSession(838411509)--Connection(2049051802)--Thread(Thread[main,5,main])--ALTER TABLE TB_PROJECTCLIENTE DROP FOREIGN KEY FK_TB_PROJECTCLIENTE_ID
[EL Fine]: sql: 2019-10-03 00:27:42.013--ServerSession(838411509)--Connection(2049051802)--Thread(Thread[main,5,main])--ALTER TABLE TB_USER_PROJECT DROP FOREIGN KEY FK_TB_USER_PROJECT_ID_USER
[EL Fine]: sql: 2019-10-03 00:27:42.855--ServerSession(838411509)--Connection(2049051802)--Thread(Thread[main,5,main])--ALTER TABLE TB_USER_PROJECT DROP FOREIGN KEY FK_TB_USER_PROJECT_ID_PROJECT
[EL Fine]: sql: 2019-10-03 00:27:43.862--ServerSession(838411509)--Connection(2049051802)--Thread(Thread[main,5,main])--DROP TABLE ADDRESS
[EL Fine]: sql: 2019-10-03 00:27:44.214--ServerSession(838411509)--Connection(2049051802)--Thread(Thread[main,5,main])--DROP TABLE AGENCY
[EL Fine]: sql: 2019-10-03 00:27:44.524--ServerSession(838411509)--Connection(2049051802)--Thread(Thread[main,5,main])--DROP TABLE BANK_DETAILS
[EL Fine]: sql: 2019-10-03 00:27:44.823--ServerSession(838411509)--Connection(2049051802)--Thread(Thread[main,5,main])--DROP TABLE FLIGHT
[EL Fine]: sql: 2019-10-03 00:27:45.067--ServerSession(838411509)--Connection(2049051802)--Thread(Thread[main,5,main])--DROP TABLE HOTEL
[EL Fine]: sql: 2019-10-03 00:27:45.72--ServerSession(838411509)--Connection(2049051802)--Thread(Thread[main,5,main])--DROP TABLE ITINERARY
[EL Fine]: sql: 2019-10-03 00:27:46.074--ServerSession(838411509)--Connection(2049051802)--Thread(Thread[main,5,main])--DROP TABLE PROJECT_TABLE
[EL Fine]: sql: 2019-10-03 00:27:46.562--ServerSession(838411509)--Connection(2049051802)--Thread(Thread[main,5,main])--DROP TABLE QUOTE
[EL Fine]: sql: 2019-10-03 00:27:46.917--ServerSession(838411509)--Connection(2049051802)--Thread(Thread[main,5,main])--DROP TABLE REQUEST
[EL Fine]: sql: 2019-10-03 00:27:47.27--ServerSession(838411509)--Connection(2049051802)--Thread(Thread[main,5,main])--DROP TABLE USER_TABLE
[EL Fine]: sql: 2019-10-03 00:27:47.624--ServerSession(838411509)--Connection(2049051802)--Thread(Thread[main,5,main])--DROP TABLE TB_INTERNALPROJECT
[EL Fine]: sql: 2019-10-03 00:27:47.933--ServerSession(838411509)--Connection(2049051802)--Thread(Thread[main,5,main])--DROP TABLE TB_PROJECTCLIENTE
[EL Fine]: sql: 2019-10-03 00:27:48.41--ServerSession(838411509)--Connection(2049051802)--Thread(Thread[main,5,main])--DROP TABLE TB_USER_PROJECT
[EL Fine]: sql: 2019-10-03 00:27:48.66--ServerSession(838411509)--Connection(2049051802)--Thread(Thread[main,5,main])--CREATE TABLE ADDRESS (ID INTEGER AUTO_INCREMENT NOT NULL, TXT_NEIGHBORHOOD VARCHAR(20) NOT NULL, NUMBER INTEGER NOT NULL, POSTAL_CODE VARCHAR(20) NOT NULL, TXT_STATE VARCHAR(255) NOT NULL, TXT_STREET VARCHAR(255) NOT NULL, PRIMARY KEY (ID))
[EL Fine]: sql: 2019-10-03 00:27:48.976--ServerSession(838411509)--Connection(2049051802)--Thread(Thread[main,5,main])--CREATE TABLE AGENCY (ID INTEGER AUTO_INCREMENT NOT NULL, TXT_AGENCY_NAME VARCHAR(255) NOT NULL, TXT_EMAIL VARCHAR(50) NOT NULL, TXT_PHONE VARCHAR(255), ID_ADDRESS INTEGER, PRIMARY KEY (ID))
[EL Fine]: sql: 2019-10-03 00:27:49.695--ServerSession(838411509)--Connection(2049051802)--Thread(Thread[main,5,main])--CREATE TABLE BANK_DETAILS (ID INTEGER AUTO_INCREMENT NOT NULL, TXT_ACCOUNT_AGENCY VARCHAR(255) NOT NULL, TXT_ACCOUNT_NAME VARCHAR(255) NOT NULL, TXT_ACCOUNT_NUMBER VARCHAR(50) NOT NULL, TXT_ACCOUNT_TYPE VARCHAR(255) NOT NULL, PRIMARY KEY (ID))
[EL Fine]: sql: 2019-10-03 00:27:50.205--ServerSession(838411509)--Connection(2049051802)--Thread(Thread[main,5,main])--CREATE TABLE FLIGHT (ID INTEGER AUTO_INCREMENT NOT NULL, CHECKIN_DATE DATE NOT NULL, TXT_DEPARTURE VARCHAR(50) NOT NULL, TXT_DESTINATION VARCHAR(50) NOT NULL, TXT_NUMBER VARCHAR(255) NOT NULL, TXT_PRICE DOUBLE NOT NULL, TXT_PROVIDER VARCHAR(255) NOT NULL, PRIMARY KEY (ID))
[EL Fine]: sql: 2019-10-03 00:27:50.847--ServerSession(838411509)--Connection(2049051802)--Thread(Thread[main,5,main])--CREATE TABLE HOTEL (ID INTEGER AUTO_INCREMENT NOT NULL, NUMBER_STARS INTEGER, TXT_NAME VARCHAR(255) NOT NULL, ID_ADDRESS INTEGER, PRIMARY KEY (ID))
[EL Fine]: sql: 2019-10-03 00:27:51.655--ServerSession(838411509)--Connection(2049051802)--Thread(Thread[main,5,main])--CREATE TABLE ITINERARY (ID INTEGER AUTO_INCREMENT NOT NULL, CHECKIN_DATE DATE NOT NULL, CHECKOUT_DATE DATE NOT NULL, TXT_DEPARTURE VARCHAR(255) NOT NULL, TXT_DESTINATION VARCHAR(255) NOT NULL, ID_REQUEST INTEGER, PRIMARY KEY (ID))
[EL Fine]: sql: 2019-10-03 00:27:52.289--ServerSession(838411509)--Connection(2049051802)--Thread(Thread[main,5,main])--CREATE TABLE PROJECT_TABLE (ID INTEGER AUTO_INCREMENT NOT NULL, DISC_PROJECT VARCHAR(1), TXT_PROJECT_DESCRIPTION VARCHAR(255), PROJECT_BUDGET DOUBLE NOT NULL, TXT_PROJECT_NAME VARCHAR(50) NOT NULL, PRIMARY KEY (ID))
[EL Fine]: sql: 2019-10-03 00:27:52.818--ServerSession(838411509)--Connection(2049051802)--Thread(Thread[main,5,main])--CREATE TABLE QUOTE (ID INTEGER AUTO_INCREMENT NOT NULL, TXT_STATUS VARCHAR(255) NOT NULL, IS_SELECTED INTEGER NOT NULL, ID_AGENCY INTEGER, ID_FLIGHT INTEGER, ID_HOTEL INTEGER, ID_ITINERARY INTEGER, PRIMARY KEY (ID))
[EL Fine]: sql: 2019-10-03 00:27:53.437--ServerSession(838411509)--Connection(2049051802)--Thread(Thread[main,5,main])--CREATE TABLE REQUEST (ID INTEGER AUTO_INCREMENT NOT NULL, TXT_DEPARTURE VARCHAR(50) NOT NULL, TXT_JUSTIFICATION VARCHAR(255), TRAVEL_DATE DATE NOT NULL, UNTIL_DATE DATE NOT NULL, ID_USER INTEGER, PRIMARY KEY (ID))
[EL Fine]: sql: 2019-10-03 00:27:53.991--ServerSession(838411509)--Connection(2049051802)--Thread(Thread[main,5,main])--CREATE TABLE USER_TABLE (ID INTEGER AUTO_INCREMENT NOT NULL, TXT_EMAIL VARCHAR(50) NOT NULL, TXT_NAME VARCHAR(50) NOT NULL, PASSWORD VARCHAR(50) NOT NULL, TXT_PHONE VARCHAR(20), USERNAME VARCHAR(50) NOT NULL UNIQUE, ID_ADDRESS INTEGER, ID_BANK_DETAILS INTEGER, PRIMARY KEY (ID))
[EL Fine]: sql: 2019-10-03 00:27:54.49--ServerSession(838411509)--Connection(2049051802)--Thread(Thread[main,5,main])--CREATE TABLE TB_INTERNALPROJECT (ID INTEGER NOT NULL, department VARCHAR(255), FinalDate DATE, StartDate DATE, PRIMARY KEY (ID))
[EL Fine]: sql: 2019-10-03 00:27:54.998--ServerSession(838411509)--Connection(2049051802)--Thread(Thread[main,5,main])--CREATE TABLE TB_PROJECTCLIENTE (ID INTEGER NOT NULL, Allocation TINYINT(1) default 0, ClientName VARCHAR(255), PRIMARY KEY (ID))
[EL Fine]: sql: 2019-10-03 00:27:55.873--ServerSession(838411509)--Connection(2049051802)--Thread(Thread[main,5,main])--CREATE TABLE TB_USER_PROJECT (ID_PROJECT INTEGER NOT NULL, ID_USER INTEGER NOT NULL, PRIMARY KEY (ID_PROJECT, ID_USER))
[EL Fine]: sql: 2019-10-03 00:27:56.834--ServerSession(838411509)--Connection(2049051802)--Thread(Thread[main,5,main])--ALTER TABLE AGENCY ADD CONSTRAINT FK_AGENCY_ID_ADDRESS FOREIGN KEY (ID_ADDRESS) REFERENCES ADDRESS (ID)
[EL Fine]: sql: 2019-10-03 00:27:56.836--ServerSession(838411509)--Thread(Thread[main,5,main])--SELECT 1
[EL Warning]: 2019-10-03 00:27:56.837--ServerSession(838411509)--Thread(Thread[main,5,main])--Exception [EclipseLink-4002] (Eclipse Persistence Services - 2.6.5.v20170607-b3d05bd): org.eclipse.persistence.exceptions.DatabaseException
Internal Exception: com.mysql.jdbc.exceptions.jdbc4.MySQLSyntaxErrorException: Table &apos;truetravel.agency&apos; doesn&apos;t exist
Error Code: 1146
Call: ALTER TABLE AGENCY ADD CONSTRAINT FK_AGENCY_ID_ADDRESS FOREIGN KEY (ID_ADDRESS) REFERENCES ADDRESS (ID)
Query: DataModifyQuery(sql=&quot;ALTER TABLE AGENCY ADD CONSTRAINT FK_AGENCY_ID_ADDRESS FOREIGN KEY (ID_ADDRESS) REFERENCES ADDRESS (ID)&quot;)
[EL Fine]: sql: 2019-10-03 00:27:56.839--ServerSession(838411509)--Connection(2049051802)--Thread(Thread[main,5,main])--ALTER TABLE HOTEL ADD CONSTRAINT FK_HOTEL_ID_ADDRESS FOREIGN KEY (ID_ADDRESS) REFERENCES ADDRESS (ID)
[EL Fine]: sql: 2019-10-03 00:27:56.84--ServerSession(838411509)--Thread(Thread[main,5,main])--SELECT 1
[EL Warning]: 2019-10-03 00:27:56.841--ServerSession(838411509)--Thread(Thread[main,5,main])--Exception [EclipseLink-4002] (Eclipse Persistence Services - 2.6.5.v20170607-b3d05bd): org.eclipse.persistence.exceptions.DatabaseException
Internal Exception: com.mysql.jdbc.exceptions.jdbc4.MySQLSyntaxErrorException: Table &apos;truetravel.hotel&apos; doesn&apos;t exist
Error Code: 1146
Call: ALTER TABLE HOTEL ADD CONSTRAINT FK_HOTEL_ID_ADDRESS FOREIGN KEY (ID_ADDRESS) REFERENCES ADDRESS (ID)
Query: DataModifyQuery(sql=&quot;ALTER TABLE HOTEL ADD CONSTRAINT FK_HOTEL_ID_ADDRESS FOREIGN KEY (ID_ADDRESS) REFERENCES ADDRESS (ID)&quot;)
[EL Fine]: sql: 2019-10-03 00:27:56.841--ServerSession(838411509)--Connection(2049051802)--Thread(Thread[main,5,main])--ALTER TABLE ITINERARY ADD CONSTRAINT FK_ITINERARY_ID_REQUEST FOREIGN KEY (ID_REQUEST) REFERENCES REQUEST (ID)
[EL Fine]: sql: 2019-10-03 00:27:56.843--ServerSession(838411509)--Thread(Thread[main,5,main])--SELECT 1
[EL Warning]: 2019-10-03 00:27:56.843--ServerSession(838411509)--Thread(Thread[main,5,main])--Exception [EclipseLink-4002] (Eclipse Persistence Services - 2.6.5.v20170607-b3d05bd): org.eclipse.persistence.exceptions.DatabaseException
Internal Exception: com.mysql.jdbc.exceptions.jdbc4.MySQLSyntaxErrorException: Table &apos;truetravel.itinerary&apos; doesn&apos;t exist
Error Code: 1146
Call: ALTER TABLE ITINERARY ADD CONSTRAINT FK_ITINERARY_ID_REQUEST FOREIGN KEY (ID_REQUEST) REFERENCES REQUEST (ID)
Query: DataModifyQuery(sql=&quot;ALTER TABLE ITINERARY ADD CONSTRAINT FK_ITINERARY_ID_REQUEST FOREIGN KEY (ID_REQUEST) REFERENCES REQUEST (ID)&quot;)
[EL Fine]: sql: 2019-10-03 00:27:56.844--ServerSession(838411509)--Connection(2049051802)--Thread(Thread[main,5,main])--ALTER TABLE QUOTE ADD CONSTRAINT FK_QUOTE_ID_HOTEL FOREIGN KEY (ID_HOTEL) REFERENCES HOTEL (ID)
[EL Fine]: sql: 2019-10-03 00:27:56.845--ServerSession(838411509)--Thread(Thread[main,5,main])--SELECT 1
[EL Warning]: 2019-10-03 00:27:56.846--ServerSession(838411509)--Thread(Thread[main,5,main])--Exception [EclipseLink-4002] (Eclipse Persistence Services - 2.6.5.v20170607-b3d05bd): org.eclipse.persistence.exceptions.DatabaseException
Internal Exception: com.mysql.jdbc.exceptions.jdbc4.MySQLSyntaxErrorException: Table &apos;truetravel.quote&apos; doesn&apos;t exist
Error Code: 1146
Call: ALTER TABLE QUOTE ADD CONSTRAINT FK_QUOTE_ID_HOTEL FOREIGN KEY (ID_HOTEL) REFERENCES HOTEL (ID)
Query: DataModifyQuery(sql=&quot;ALTER TABLE QUOTE ADD CONSTRAINT FK_QUOTE_ID_HOTEL FOREIGN KEY (ID_HOTEL) REFERENCES HOTEL (ID)&quot;)
[EL Fine]: sql: 2019-10-03 00:27:56.846--ServerSession(838411509)--Connection(2049051802)--Thread(Thread[main,5,main])--ALTER TABLE REQUEST ADD CONSTRAINT FK_REQUEST_ID_USER FOREIGN KEY (ID_USER) REFERENCES USER_TABLE (ID)
[EL Fine]: sql: 2019-10-03 00:27:56.848--ServerSession(838411509)--Thread(Thread[main,5,main])--SELECT 1
[EL Warning]: 2019-10-03 00:27:56.848--ServerSession(838411509)--Thread(Thread[main,5,main])--Exception [EclipseLink-4002] (Eclipse Persistence Services - 2.6.5.v20170607-b3d05bd): org.eclipse.persistence.exceptions.DatabaseException
Internal Exception: com.mysql.jdbc.exceptions.jdbc4.MySQLSyntaxErrorException: Table &apos;truetravel.request&apos; doesn&apos;t exist
Error Code: 1146
Call: ALTER TABLE REQUEST ADD CONSTRAINT FK_REQUEST_ID_USER FOREIGN KEY (ID_USER) REFERENCES USER_TABLE (ID)
Query: DataModifyQuery(sql=&quot;ALTER TABLE REQUEST ADD CONSTRAINT FK_REQUEST_ID_USER FOREIGN KEY (ID_USER) REFERENCES USER_TABLE (ID)&quot;)
[EL Fine]: sql: 2019-10-03 00:27:56.849--ServerSession(838411509)--Connection(2049051802)--Thread(Thread[main,5,main])--ALTER TABLE USER_TABLE ADD CONSTRAINT FK_USER_TABLE_ID_ADDRESS FOREIGN KEY (ID_ADDRESS) REFERENCES ADDRESS (ID)
[EL Fine]: sql: 2019-10-03 00:27:56.85--ServerSession(838411509)--Thread(Thread[main,5,main])--SELECT 1
[EL Warning]: 2019-10-03 00:27:56.851--ServerSession(838411509)--Thread(Thread[main,5,main])--Exception [EclipseLink-4002] (Eclipse Persistence Services - 2.6.5.v20170607-b3d05bd): org.eclipse.persistence.exceptions.DatabaseException
Internal Exception: com.mysql.jdbc.exceptions.jdbc4.MySQLSyntaxErrorException: Table &apos;truetravel.user_table&apos; doesn&apos;t exist
Error Code: 1146
Call: ALTER TABLE USER_TABLE ADD CONSTRAINT FK_USER_TABLE_ID_ADDRESS FOREIGN KEY (ID_ADDRESS) REFERENCES ADDRESS (ID)
Query: DataModifyQuery(sql=&quot;ALTER TABLE USER_TABLE ADD CONSTRAINT FK_USER_TABLE_ID_ADDRESS FOREIGN KEY (ID_ADDRESS) REFERENCES ADDRESS (ID)&quot;)
[EL Fine]: sql: 2019-10-03 00:27:56.851--ServerSession(838411509)--Connection(2049051802)--Thread(Thread[main,5,main])--ALTER TABLE TB_INTERNALPROJECT ADD CONSTRAINT FK_TB_INTERNALPROJECT_ID FOREIGN KEY (ID) REFERENCES PROJECT_TABLE (ID)
[EL Fine]: sql: 2019-10-03 00:27:56.853--ServerSession(838411509)--Thread(Thread[main,5,main])--SELECT 1
[EL Warning]: 2019-10-03 00:27:56.853--ServerSession(838411509)--Thread(Thread[main,5,main])--Exception [EclipseLink-4002] (Eclipse Persistence Services - 2.6.5.v20170607-b3d05bd): org.eclipse.persistence.exceptions.DatabaseException
Internal Exception: com.mysql.jdbc.exceptions.jdbc4.MySQLSyntaxErrorException: Table &apos;truetravel.tb_internalproject&apos; doesn&apos;t exist
Error Code: 1146
Call: ALTER TABLE TB_INTERNALPROJECT ADD CONSTRAINT FK_TB_INTERNALPROJECT_ID FOREIGN KEY (ID) REFERENCES PROJECT_TABLE (ID)
Query: DataModifyQuery(sql=&quot;ALTER TABLE TB_INTERNALPROJECT ADD CONSTRAINT FK_TB_INTERNALPROJECT_ID FOREIGN KEY (ID) REFERENCES PROJECT_TABLE (ID)&quot;)
[EL Fine]: sql: 2019-10-03 00:27:56.854--ServerSession(838411509)--Connection(2049051802)--Thread(Thread[main,5,main])--ALTER TABLE TB_PROJECTCLIENTE ADD CONSTRAINT FK_TB_PROJECTCLIENTE_ID FOREIGN KEY (ID) REFERENCES PROJECT_TABLE (ID)
[EL Fine]: sql: 2019-10-03 00:27:56.855--ServerSession(838411509)--Thread(Thread[main,5,main])--SELECT 1
[EL Warning]: 2019-10-03 00:27:56.856--ServerSession(838411509)--Thread(Thread[main,5,main])--Exception [EclipseLink-4002] (Eclipse Persistence Services - 2.6.5.v20170607-b3d05bd): org.eclipse.persistence.exceptions.DatabaseException
Internal Exception: com.mysql.jdbc.exceptions.jdbc4.MySQLSyntaxErrorException: Table &apos;truetravel.tb_projectcliente&apos; doesn&apos;t exist
Error Code: 1146
Call: ALTER TABLE TB_PROJECTCLIENTE ADD CONSTRAINT FK_TB_PROJECTCLIENTE_ID FOREIGN KEY (ID) REFERENCES PROJECT_TABLE (ID)
Query: DataModifyQuery(sql=&quot;ALTER TABLE TB_PROJECTCLIENTE ADD CONSTRAINT FK_TB_PROJECTCLIENTE_ID FOREIGN KEY (ID) REFERENCES PROJECT_TABLE (ID)&quot;)
[EL Fine]: sql: 2019-10-03 00:27:56.856--ServerSession(838411509)--Connection(2049051802)--Thread(Thread[main,5,main])--ALTER TABLE TB_USER_PROJECT ADD CONSTRAINT FK_TB_USER_PROJECT_ID_USER FOREIGN KEY (ID_USER) REFERENCES USER_TABLE (ID)
[EL Fine]: sql: 2019-10-03 00:27:57.046--ServerSession(838411509)--Thread(Thread[main,5,main])--SELECT 1
[EL Warning]: 2019-10-03 00:27:57.047--ServerSession(838411509)--Thread(Thread[main,5,main])--Exception [EclipseLink-4002] (Eclipse Persistence Services - 2.6.5.v20170607-b3d05bd): org.eclipse.persistence.exceptions.DatabaseException
Internal Exception: com.mysql.jdbc.exceptions.jdbc4.MySQLSyntaxErrorException: Table &apos;truetravel.tb_user_project&apos; doesn&apos;t exist
Error Code: 1146
Call: ALTER TABLE TB_USER_PROJECT ADD CONSTRAINT FK_TB_USER_PROJECT_ID_USER FOREIGN KEY (ID_USER) REFERENCES USER_TABLE (ID)
Query: DataModifyQuery(sql=&quot;ALTER TABLE TB_USER_PROJECT ADD CONSTRAINT FK_TB_USER_PROJECT_ID_USER FOREIGN KEY (ID_USER) REFERENCES USER_TABLE (ID)&quot;)
[EL Config]: connection: 2019-10-03 00:27:57.147--ServerSession(838411509)--Connection(2049051802)--Thread(Thread[main,5,main])--disconnect
[EL Info]: connection: 2019-10-03 00:27:57.147--ServerSession(838411509)--Thread(Thread[main,5,main])--/file:/C:/Users/Guilherme Henrique/Desktop/Descorp Pegando/Descorp/target/classes/_truetravel logout successful
[EL Config]: connection: 2019-10-03 00:27:57.147--ServerSession(838411509)--Connection(1360518503)--Thread(Thread[main,5,main])--disconnect
</system-out>
    <system-err>out 03, 2019 12:27:25 AM org.hibernate.validator.internal.util.Version &lt;clinit&gt;
INFO: HV000001: Hibernate Validator 5.2.5.Final
SLF4J: Failed to load class &quot;org.slf4j.impl.StaticLoggerBinder&quot;.
SLF4J: Defaulting to no-operation (NOP) logger implementation
SLF4J: See http://www.slf4j.org/codes.html#StaticLoggerBinder for further details.
</system-err>
  </testcase>
</testsuite>