<?xml version="1.0" encoding="UTF-8" ?>
<testsuite tests="2" failures="0" name="exemplo.jpa.test.AddressCrudTest" time="8.581" errors="2" skipped="0">
  <properties>
    <property name="java.runtime.name" value="Java(TM) SE Runtime Environment"/>
    <property name="sun.boot.library.path" value="C:\Program Files (x86)\Java\jdk1.8.0_111\jre\bin"/>
    <property name="java.vm.version" value="25.111-b14"/>
    <property name="java.vm.vendor" value="Oracle Corporation"/>
    <property name="java.vendor.url" value="http://java.oracle.com/"/>
    <property name="path.separator" value=";"/>
    <property name="guice.disable.misplaced.annotation.check" value="true"/>
    <property name="java.vm.name" value="Java HotSpot(TM) Client VM"/>
    <property name="file.encoding.pkg" value="sun.io"/>
    <property name="user.script" value=""/>
    <property name="user.country" value="BR"/>
    <property name="sun.java.launcher" value="SUN_STANDARD"/>
    <property name="sun.os.patch.level" value=""/>
    <property name="java.vm.specification.name" value="Java Virtual Machine Specification"/>
    <property name="user.dir" value="C:\Users\Guilherme Henrique\Desktop\Nova pasta (2)\Descorp"/>
    <property name="java.runtime.version" value="1.8.0_111-b14"/>
    <property name="java.awt.graphicsenv" value="sun.awt.Win32GraphicsEnvironment"/>
    <property name="java.endorsed.dirs" value="C:\Program Files (x86)\Java\jdk1.8.0_111\jre\lib\endorsed"/>
    <property name="os.arch" value="x86"/>
    <property name="java.io.tmpdir" value="C:\Users\GUILHE~1\AppData\Local\Temp\"/>
    <property name="line.separator" value="
"/>
    <property name="java.vm.specification.vendor" value="Oracle Corporation"/>
    <property name="user.variant" value=""/>
    <property name="os.name" value="Windows 10"/>
    <property name="maven.ext.class.path" value="C:\Program Files (x86)\NetBeans 8.2\java\maven-nblib\netbeans-eventspy.jar"/>
    <property name="classworlds.conf" value="C:\Program Files (x86)\NetBeans 8.2\java\maven\bin\m2.conf"/>
    <property name="sun.jnu.encoding" value="Cp1252"/>
    <property name="java.library.path" value="C:\Program Files (x86)\Java\jdk1.8.0_111\bin;C:\Windows\Sun\Java\bin;C:\Windows\system32;C:\Windows;C:\Program Files (x86)\Common Files\Oracle\Java\javapath;C:\Program Files (x86)\Java\jdk1.8.0_111;C:\Windows\system32;C:\Windows;C:\Windows\System32\Wbem;C:\Windows\System32\WindowsPowerShell\v1.0\;C:\Windows\System32\OpenSSH\;C:\Program Files\Git\cmd;C:\Program Files (x86)\nodejs\;C:\Program Files (x86)\Java\jdk1.8.0_111\bin;C:\Users\Guilherme Henrique\AppData\Local\Programs\Microsoft VS Code\bin;C:\Users\Guilherme Henrique\AppData\Roaming\npm;."/>
    <property name="java.specification.name" value="Java Platform API Specification"/>
    <property name="java.class.version" value="52.0"/>
    <property name="sun.management.compiler" value="HotSpot Client Compiler"/>
    <property name="os.version" value="10.0"/>
    <property name="user.home" value="C:\Users\Guilherme Henrique"/>
    <property name="user.timezone" value="America/Cayenne"/>
    <property name="java.awt.printerjob" value="sun.awt.windows.WPrinterJob"/>
    <property name="java.specification.version" value="1.8"/>
    <property name="file.encoding" value="UTF-8"/>
    <property name="user.name" value="Guilherme Henrique"/>
    <property name="java.class.path" value="C:\Program Files (x86)\NetBeans 8.2\java\maven\boot\plexus-classworlds-2.4.jar"/>
    <property name="java.vm.specification.version" value="1.8"/>
    <property name="sun.arch.data.model" value="32"/>
    <property name="java.home" value="C:\Program Files (x86)\Java\jdk1.8.0_111\jre"/>
    <property name="sun.java.command" value="org.codehaus.plexus.classworlds.launcher.Launcher -Dmaven.ext.class.path=C:\Program Files (x86)\NetBeans 8.2\java\maven-nblib\netbeans-eventspy.jar -Dfile.encoding=UTF-8 install"/>
    <property name="java.specification.vendor" value="Oracle Corporation"/>
    <property name="user.language" value="pt"/>
    <property name="awt.toolkit" value="sun.awt.windows.WToolkit"/>
    <property name="java.vm.info" value="mixed mode"/>
    <property name="java.version" value="1.8.0_111"/>
    <property name="java.ext.dirs" value="C:\Program Files (x86)\Java\jdk1.8.0_111\jre\lib\ext;C:\Windows\Sun\Java\lib\ext"/>
    <property name="sun.boot.class.path" value="C:\Program Files (x86)\Java\jdk1.8.0_111\jre\lib\resources.jar;C:\Program Files (x86)\Java\jdk1.8.0_111\jre\lib\rt.jar;C:\Program Files (x86)\Java\jdk1.8.0_111\jre\lib\sunrsasign.jar;C:\Program Files (x86)\Java\jdk1.8.0_111\jre\lib\jsse.jar;C:\Program Files (x86)\Java\jdk1.8.0_111\jre\lib\jce.jar;C:\Program Files (x86)\Java\jdk1.8.0_111\jre\lib\charsets.jar;C:\Program Files (x86)\Java\jdk1.8.0_111\jre\lib\jfr.jar;C:\Program Files (x86)\Java\jdk1.8.0_111\jre\classes"/>
    <property name="java.vendor" value="Oracle Corporation"/>
    <property name="maven.home" value="C:\Program Files (x86)\NetBeans 8.2\java\maven"/>
    <property name="file.separator" value="\"/>
    <property name="java.vendor.url.bug" value="http://bugreport.sun.com/bugreport/"/>
    <property name="sun.cpu.endian" value="little"/>
    <property name="sun.io.unicode.encoding" value="UnicodeLittle"/>
    <property name="sun.desktop" value="windows"/>
    <property name="sun.cpu.isalist" value="pentium_pro+mmx pentium_pro pentium+mmx pentium i486 i386 i86"/>
  </properties>
  <testcase classname="exemplo.jpa.test.AddressCrudTest" name="exemplo.jpa.test.AddressCrudTest" time="0">
    <error message="Exception [EclipseLink-4002] (Eclipse Persistence Services - 2.6.5.v20170607-b3d05bd): org.eclipse.persistence.exceptions.DatabaseException
Internal Exception: java.sql.SQLException: Access denied for user &apos;root&apos;@&apos;localhost&apos; (using password: YES)
Error Code: 1045" type="javax.persistence.PersistenceException">javax.persistence.PersistenceException: Exception [EclipseLink-4002] (Eclipse Persistence Services - 2.6.5.v20170607-b3d05bd): org.eclipse.persistence.exceptions.DatabaseException
Internal Exception: java.sql.SQLException: Access denied for user &apos;root&apos;@&apos;localhost&apos; (using password: YES)
Error Code: 1045
	at org.eclipse.persistence.internal.jpa.EntityManagerSetupImpl.deploy(EntityManagerSetupImpl.java:818)
	at org.eclipse.persistence.internal.jpa.EntityManagerFactoryDelegate.getAbstractSession(EntityManagerFactoryDelegate.java:207)
	at org.eclipse.persistence.internal.jpa.EntityManagerFactoryDelegate.getDatabaseSession(EntityManagerFactoryDelegate.java:185)
	at org.eclipse.persistence.internal.jpa.EntityManagerFactoryImpl.getDatabaseSession(EntityManagerFactoryImpl.java:528)
	at org.eclipse.persistence.jpa.PersistenceProvider.createEntityManagerFactoryImpl(PersistenceProvider.java:150)
	at org.eclipse.persistence.jpa.PersistenceProvider.createEntityManagerFactory(PersistenceProvider.java:188)
	at javax.persistence.Persistence.createEntityManagerFactory(Persistence.java:79)
	at javax.persistence.Persistence.createEntityManagerFactory(Persistence.java:54)
	at exemplo.jpa.test.GenericTest.setUpClass(GenericTest.java:38)
	at sun.reflect.NativeMethodAccessorImpl.invoke0(Native Method)
	at sun.reflect.NativeMethodAccessorImpl.invoke(NativeMethodAccessorImpl.java:62)
	at sun.reflect.DelegatingMethodAccessorImpl.invoke(DelegatingMethodAccessorImpl.java:43)
	at java.lang.reflect.Method.invoke(Method.java:498)
	at org.junit.runners.model.FrameworkMethod$1.runReflectiveCall(FrameworkMethod.java:50)
	at org.junit.internal.runners.model.ReflectiveCallable.run(ReflectiveCallable.java:12)
	at org.junit.runners.model.FrameworkMethod.invokeExplosively(FrameworkMethod.java:47)
	at org.junit.internal.runners.statements.RunBefores.evaluate(RunBefores.java:24)
	at org.junit.internal.runners.statements.RunAfters.evaluate(RunAfters.java:27)
	at org.junit.runners.ParentRunner.run(ParentRunner.java:363)
	at org.apache.maven.surefire.junit4.JUnit4TestSet.execute(JUnit4TestSet.java:53)
	at org.apache.maven.surefire.junit4.JUnit4Provider.executeTestSet(JUnit4Provider.java:123)
	at org.apache.maven.surefire.junit4.JUnit4Provider.invoke(JUnit4Provider.java:104)
	at sun.reflect.NativeMethodAccessorImpl.invoke0(Native Method)
	at sun.reflect.NativeMethodAccessorImpl.invoke(NativeMethodAccessorImpl.java:62)
	at sun.reflect.DelegatingMethodAccessorImpl.invoke(DelegatingMethodAccessorImpl.java:43)
	at java.lang.reflect.Method.invoke(Method.java:498)
	at org.apache.maven.surefire.util.ReflectionUtils.invokeMethodWithArray(ReflectionUtils.java:164)
	at org.apache.maven.surefire.booter.ProviderFactory$ProviderProxy.invoke(ProviderFactory.java:110)
	at org.apache.maven.surefire.booter.SurefireStarter.invokeProvider(SurefireStarter.java:175)
	at org.apache.maven.surefire.booter.SurefireStarter.runSuitesInProcessWhenForked(SurefireStarter.java:107)
	at org.apache.maven.surefire.booter.ForkedBooter.main(ForkedBooter.java:68)
Caused by: Exception [EclipseLink-4002] (Eclipse Persistence Services - 2.6.5.v20170607-b3d05bd): org.eclipse.persistence.exceptions.DatabaseException
Internal Exception: java.sql.SQLException: Access denied for user &apos;root&apos;@&apos;localhost&apos; (using password: YES)
Error Code: 1045
	at org.eclipse.persistence.exceptions.DatabaseException.sqlException(DatabaseException.java:331)
	at org.eclipse.persistence.exceptions.DatabaseException.sqlException(DatabaseException.java:326)
	at org.eclipse.persistence.sessions.DefaultConnector.connect(DefaultConnector.java:138)
	at org.eclipse.persistence.sessions.DatasourceLogin.connectToDatasource(DatasourceLogin.java:162)
	at org.eclipse.persistence.internal.databaseaccess.DatasourceAccessor.connectInternal(DatasourceAccessor.java:346)
	at org.eclipse.persistence.internal.databaseaccess.DatabaseAccessor.connectInternal(DatabaseAccessor.java:309)
	at org.eclipse.persistence.internal.databaseaccess.DatasourceAccessor.connect(DatasourceAccessor.java:434)
	at org.eclipse.persistence.sessions.server.ConnectionPool.buildConnection(ConnectionPool.java:217)
	at org.eclipse.persistence.sessions.server.ConnectionPool.startUp(ConnectionPool.java:505)
	at org.eclipse.persistence.sessions.server.ServerSession.connect(ServerSession.java:488)
	at org.eclipse.persistence.internal.sessions.DatabaseSessionImpl.login(DatabaseSessionImpl.java:790)
	at org.eclipse.persistence.internal.jpa.EntityManagerFactoryProvider.login(EntityManagerFactoryProvider.java:267)
	at org.eclipse.persistence.internal.jpa.EntityManagerSetupImpl.deploy(EntityManagerSetupImpl.java:734)
	... 30 more
Caused by: java.sql.SQLException: Access denied for user &apos;root&apos;@&apos;localhost&apos; (using password: YES)
	at com.mysql.jdbc.SQLError.createSQLException(SQLError.java:996)
	at com.mysql.jdbc.MysqlIO.checkErrorPacket(MysqlIO.java:3887)
	at com.mysql.jdbc.MysqlIO.checkErrorPacket(MysqlIO.java:3823)
	at com.mysql.jdbc.MysqlIO.checkErrorPacket(MysqlIO.java:870)
	at com.mysql.jdbc.MysqlIO.proceedHandshakeWithPluggableAuthentication(MysqlIO.java:1659)
	at com.mysql.jdbc.MysqlIO.doHandshake(MysqlIO.java:1206)
	at com.mysql.jdbc.ConnectionImpl.coreConnect(ConnectionImpl.java:2234)
	at com.mysql.jdbc.ConnectionImpl.connectOneTryOnly(ConnectionImpl.java:2265)
	at com.mysql.jdbc.ConnectionImpl.createNewIO(ConnectionImpl.java:2064)
	at com.mysql.jdbc.ConnectionImpl.&lt;init&gt;(ConnectionImpl.java:790)
	at com.mysql.jdbc.JDBC4Connection.&lt;init&gt;(JDBC4Connection.java:44)
	at sun.reflect.NativeConstructorAccessorImpl.newInstance0(Native Method)
	at sun.reflect.NativeConstructorAccessorImpl.newInstance(NativeConstructorAccessorImpl.java:62)
	at sun.reflect.DelegatingConstructorAccessorImpl.newInstance(DelegatingConstructorAccessorImpl.java:45)
	at java.lang.reflect.Constructor.newInstance(Constructor.java:423)
	at com.mysql.jdbc.Util.handleNewInstance(Util.java:377)
	at com.mysql.jdbc.ConnectionImpl.getInstance(ConnectionImpl.java:395)
	at com.mysql.jdbc.NonRegisteringDriver.connect(NonRegisteringDriver.java:325)
	at java.sql.DriverManager.getConnection(DriverManager.java:664)
	at java.sql.DriverManager.getConnection(DriverManager.java:208)
	at org.eclipse.persistence.sessions.DefaultConnector.connect(DefaultConnector.java:98)
	... 40 more
</error>
    <system-out>[EL Fine]: server: 2019-09-10 15:53:20.891--Thread(Thread[main,5,main])--Configured server platform: org.eclipse.persistence.platform.server.NoServerPlatform
[EL Config]: metadata: 2019-09-10 15:53:21.636--ServerSession(26972915)--Thread(Thread[main,5,main])--The access type for the persistent class [class exemplo.jpa.User] is set to [FIELD].
[EL Config]: metadata: 2019-09-10 15:53:21.821--ServerSession(26972915)--Thread(Thread[main,5,main])--The target entity (reference) class for the one to one mapping element [field address] is being defaulted to: class exemplo.jpa.Address.
[EL Config]: metadata: 2019-09-10 15:53:21.843--ServerSession(26972915)--Thread(Thread[main,5,main])--The target entity (reference) class for the many to many mapping element [field projetos] is being defaulted to: class exemplo.jpa.Project.
[EL Config]: metadata: 2019-09-10 15:53:21.846--ServerSession(26972915)--Thread(Thread[main,5,main])--The target entity (reference) class for the one to many mapping element [field requests] is being defaulted to: class exemplo.jpa.Request.
[EL Config]: metadata: 2019-09-10 15:53:21.849--ServerSession(26972915)--Thread(Thread[main,5,main])--The target entity (reference) class for the one to one mapping element [field bank_Details] is being defaulted to: class exemplo.jpa.Bank_Details.
[EL Config]: metadata: 2019-09-10 15:53:21.85--ServerSession(26972915)--Thread(Thread[main,5,main])--The target entity (reference) class for the one to many mapping element [field itinerarys] is being defaulted to: class exemplo.jpa.Itinerary.
[EL Config]: metadata: 2019-09-10 15:53:21.852--ServerSession(26972915)--Thread(Thread[main,5,main])--The target entity (reference) class for the many to one mapping element [field user] is being defaulted to: class exemplo.jpa.User.
[EL Config]: metadata: 2019-09-10 15:53:21.852--ServerSession(26972915)--Thread(Thread[main,5,main])--The target entity (reference) class for the many to many mapping element [field users] is being defaulted to: class exemplo.jpa.User.
[EL Config]: metadata: 2019-09-10 15:53:21.853--ServerSession(26972915)--Thread(Thread[main,5,main])--The access type for the persistent class [class exemplo.jpa.ProjectCliente] is set to [FIELD].
[EL Config]: metadata: 2019-09-10 15:53:21.854--ServerSession(26972915)--Thread(Thread[main,5,main])--The target entity (reference) class for the many to one mapping element [field flight] is being defaulted to: class exemplo.jpa.Flight.
[EL Config]: metadata: 2019-09-10 15:53:21.854--ServerSession(26972915)--Thread(Thread[main,5,main])--The target entity (reference) class for the many to one mapping element [field agency] is being defaulted to: class exemplo.jpa.Agency.
[EL Config]: metadata: 2019-09-10 15:53:21.854--ServerSession(26972915)--Thread(Thread[main,5,main])--The target entity (reference) class for the many to one mapping element [field hotel] is being defaulted to: class exemplo.jpa.Hotel.
[EL Config]: metadata: 2019-09-10 15:53:21.854--ServerSession(26972915)--Thread(Thread[main,5,main])--The target entity (reference) class for the many to one mapping element [field itinerary] is being defaulted to: class exemplo.jpa.Itinerary.
[EL Config]: metadata: 2019-09-10 15:53:21.855--ServerSession(26972915)--Thread(Thread[main,5,main])--The target entity (reference) class for the many to one mapping element [field request] is being defaulted to: class exemplo.jpa.Request.
[EL Config]: metadata: 2019-09-10 15:53:21.856--ServerSession(26972915)--Thread(Thread[main,5,main])--The target entity (reference) class for the one to many mapping element [field quotes] is being defaulted to: class exemplo.jpa.Quote.
[EL Config]: metadata: 2019-09-10 15:53:21.856--ServerSession(26972915)--Thread(Thread[main,5,main])--The target entity (reference) class for the one to one mapping element [field address] is being defaulted to: class exemplo.jpa.Address.
[EL Config]: metadata: 2019-09-10 15:53:21.856--ServerSession(26972915)--Thread(Thread[main,5,main])--The target entity (reference) class for the one to many mapping element [field quotes] is being defaulted to: class exemplo.jpa.Quote.
[EL Config]: metadata: 2019-09-10 15:53:21.857--ServerSession(26972915)--Thread(Thread[main,5,main])--The access type for the persistent class [class exemplo.jpa.InternalProject] is set to [FIELD].
[EL Config]: metadata: 2019-09-10 15:53:21.857--ServerSession(26972915)--Thread(Thread[main,5,main])--The target entity (reference) class for the one to many mapping element [field quotes] is being defaulted to: class exemplo.jpa.Quote.
[EL Config]: metadata: 2019-09-10 15:53:21.857--ServerSession(26972915)--Thread(Thread[main,5,main])--The target entity (reference) class for the one to one mapping element [field address] is being defaulted to: class exemplo.jpa.Address.
[EL Config]: metadata: 2019-09-10 15:53:21.858--ServerSession(26972915)--Thread(Thread[main,5,main])--The target entity (reference) class for the one to many mapping element [field quotes] is being defaulted to: class exemplo.jpa.Quote.
[EL Config]: metadata: 2019-09-10 15:53:21.858--ServerSession(26972915)--Thread(Thread[main,5,main])--The alias name for the entity class [class exemplo.jpa.User] is being defaulted to: User.
[EL Config]: metadata: 2019-09-10 15:53:21.94--ServerSession(26972915)--Thread(Thread[main,5,main])--The column name for element [id] is being defaulted to: ID.
[EL Config]: metadata: 2019-09-10 15:53:21.941--ServerSession(26972915)--Thread(Thread[main,5,main])--The alias name for the entity class [class exemplo.jpa.Request] is being defaulted to: Request.
[EL Config]: metadata: 2019-09-10 15:53:21.941--ServerSession(26972915)--Thread(Thread[main,5,main])--The table name for entity [class exemplo.jpa.Request] is being defaulted to: REQUEST.
[EL Config]: metadata: 2019-09-10 15:53:21.943--ServerSession(26972915)--Thread(Thread[main,5,main])--The column name for element [id] is being defaulted to: ID.
[EL Config]: metadata: 2019-09-10 15:53:21.943--ServerSession(26972915)--Thread(Thread[main,5,main])--The alias name for the entity class [class exemplo.jpa.ProjectCliente] is being defaulted to: ProjectCliente.
[EL Config]: metadata: 2019-09-10 15:53:21.943--ServerSession(26972915)--Thread(Thread[main,5,main])--The alias name for the entity class [class exemplo.jpa.Project] is being defaulted to: Project.
[EL Config]: metadata: 2019-09-10 15:53:21.946--ServerSession(26972915)--Thread(Thread[main,5,main])--The column name for element [id] is being defaulted to: ID.
[EL Config]: metadata: 2019-09-10 15:53:21.947--ServerSession(26972915)--Thread(Thread[main,5,main])--The alias name for the entity class [class exemplo.jpa.Bank_Details] is being defaulted to: Bank_Details.
[EL Config]: metadata: 2019-09-10 15:53:21.947--ServerSession(26972915)--Thread(Thread[main,5,main])--The table name for entity [class exemplo.jpa.Bank_Details] is being defaulted to: BANK_DETAILS.
[EL Config]: metadata: 2019-09-10 15:53:21.948--ServerSession(26972915)--Thread(Thread[main,5,main])--The column name for element [id] is being defaulted to: ID.
[EL Config]: metadata: 2019-09-10 15:53:21.948--ServerSession(26972915)--Thread(Thread[main,5,main])--The alias name for the entity class [class exemplo.jpa.Quote] is being defaulted to: Quote.
[EL Config]: metadata: 2019-09-10 15:53:21.948--ServerSession(26972915)--Thread(Thread[main,5,main])--The table name for entity [class exemplo.jpa.Quote] is being defaulted to: QUOTE.
[EL Config]: metadata: 2019-09-10 15:53:21.948--ServerSession(26972915)--Thread(Thread[main,5,main])--The column name for element [id] is being defaulted to: ID.
[EL Config]: metadata: 2019-09-10 15:53:21.949--ServerSession(26972915)--Thread(Thread[main,5,main])--The alias name for the entity class [class exemplo.jpa.Address] is being defaulted to: Address.
[EL Config]: metadata: 2019-09-10 15:53:21.949--ServerSession(26972915)--Thread(Thread[main,5,main])--The table name for entity [class exemplo.jpa.Address] is being defaulted to: ADDRESS.
[EL Config]: metadata: 2019-09-10 15:53:21.949--ServerSession(26972915)--Thread(Thread[main,5,main])--The column name for element [id] is being defaulted to: ID.
[EL Config]: metadata: 2019-09-10 15:53:21.949--ServerSession(26972915)--Thread(Thread[main,5,main])--The alias name for the entity class [class exemplo.jpa.Itinerary] is being defaulted to: Itinerary.
[EL Config]: metadata: 2019-09-10 15:53:21.95--ServerSession(26972915)--Thread(Thread[main,5,main])--The table name for entity [class exemplo.jpa.Itinerary] is being defaulted to: ITINERARY.
[EL Config]: metadata: 2019-09-10 15:53:21.95--ServerSession(26972915)--Thread(Thread[main,5,main])--The column name for element [id] is being defaulted to: ID.
[EL Config]: metadata: 2019-09-10 15:53:21.95--ServerSession(26972915)--Thread(Thread[main,5,main])--The alias name for the entity class [class exemplo.jpa.Agency] is being defaulted to: Agency.
[EL Config]: metadata: 2019-09-10 15:53:21.95--ServerSession(26972915)--Thread(Thread[main,5,main])--The table name for entity [class exemplo.jpa.Agency] is being defaulted to: AGENCY.
[EL Config]: metadata: 2019-09-10 15:53:21.95--ServerSession(26972915)--Thread(Thread[main,5,main])--The column name for element [Id] is being defaulted to: ID.
[EL Config]: metadata: 2019-09-10 15:53:21.951--ServerSession(26972915)--Thread(Thread[main,5,main])--The alias name for the entity class [class exemplo.jpa.InternalProject] is being defaulted to: InternalProject.
[EL Config]: metadata: 2019-09-10 15:53:21.951--ServerSession(26972915)--Thread(Thread[main,5,main])--The alias name for the entity class [class exemplo.jpa.Flight] is being defaulted to: Flight.
[EL Config]: metadata: 2019-09-10 15:53:21.951--ServerSession(26972915)--Thread(Thread[main,5,main])--The table name for entity [class exemplo.jpa.Flight] is being defaulted to: FLIGHT.
[EL Config]: metadata: 2019-09-10 15:53:21.952--ServerSession(26972915)--Thread(Thread[main,5,main])--The column name for element [id] is being defaulted to: ID.
[EL Config]: metadata: 2019-09-10 15:53:21.952--ServerSession(26972915)--Thread(Thread[main,5,main])--The alias name for the entity class [class exemplo.jpa.Hotel] is being defaulted to: Hotel.
[EL Config]: metadata: 2019-09-10 15:53:21.952--ServerSession(26972915)--Thread(Thread[main,5,main])--The table name for entity [class exemplo.jpa.Hotel] is being defaulted to: HOTEL.
[EL Config]: metadata: 2019-09-10 15:53:21.952--ServerSession(26972915)--Thread(Thread[main,5,main])--The column name for element [id] is being defaulted to: ID.
[EL Config]: metadata: 2019-09-10 15:53:22.067--ServerSession(26972915)--Thread(Thread[main,5,main])--The source primary key column name for the many to many mapping [field projetos] is being defaulted to: ID.
[EL Config]: metadata: 2019-09-10 15:53:22.067--ServerSession(26972915)--Thread(Thread[main,5,main])--The target primary key column name for the many to many mapping [field projetos] is being defaulted to: ID.
[EL Info]: 2019-09-10 15:53:24.019--ServerSession(26972915)--Thread(Thread[main,5,main])--EclipseLink, version: Eclipse Persistence Services - 2.6.5.v20170607-b3d05bd
[EL Config]: connection: 2019-09-10 15:53:24.026--ServerSession(26972915)--Connection(7153580)--Thread(Thread[main,5,main])--connecting(DatabaseLogin(
	platform=&gt;MySQLPlatform
	user name=&gt; &quot;root&quot;
	datasource URL=&gt; &quot;jdbc:mysql://localhost:3306/truetravel&quot;
))
[EL Severe]: 2019-09-10 15:53:25.807--ServerSession(26972915)--Thread(Thread[main,5,main])--Exception [EclipseLink-4002] (Eclipse Persistence Services - 2.6.5.v20170607-b3d05bd): org.eclipse.persistence.exceptions.DatabaseException
Internal Exception: java.sql.SQLException: Access denied for user &apos;root&apos;@&apos;localhost&apos; (using password: YES)
Error Code: 1045
[EL Severe]: ejb: 2019-09-10 15:53:25.809--ServerSession(26972915)--Thread(Thread[main,5,main])--Exception [EclipseLink-4002] (Eclipse Persistence Services - 2.6.5.v20170607-b3d05bd): org.eclipse.persistence.exceptions.DatabaseException
Internal Exception: java.sql.SQLException: Access denied for user &apos;root&apos;@&apos;localhost&apos; (using password: YES)
Error Code: 1045
</system-out>
  </testcase>
  <testcase classname="exemplo.jpa.test.AddressCrudTest" name="exemplo.jpa.test.AddressCrudTest" time="0.002">
    <error type="java.lang.NullPointerException">java.lang.NullPointerException
	at exemplo.jpa.test.GenericTest.tearDownClass(GenericTest.java:44)
	at sun.reflect.NativeMethodAccessorImpl.invoke0(Native Method)
	at sun.reflect.NativeMethodAccessorImpl.invoke(NativeMethodAccessorImpl.java:62)
	at sun.reflect.DelegatingMethodAccessorImpl.invoke(DelegatingMethodAccessorImpl.java:43)
	at java.lang.reflect.Method.invoke(Method.java:498)
	at org.junit.runners.model.FrameworkMethod$1.runReflectiveCall(FrameworkMethod.java:50)
	at org.junit.internal.runners.model.ReflectiveCallable.run(ReflectiveCallable.java:12)
	at org.junit.runners.model.FrameworkMethod.invokeExplosively(FrameworkMethod.java:47)
	at org.junit.internal.runners.statements.RunAfters.evaluate(RunAfters.java:33)
	at org.junit.runners.ParentRunner.run(ParentRunner.java:363)
	at org.apache.maven.surefire.junit4.JUnit4TestSet.execute(JUnit4TestSet.java:53)
	at org.apache.maven.surefire.junit4.JUnit4Provider.executeTestSet(JUnit4Provider.java:123)
	at org.apache.maven.surefire.junit4.JUnit4Provider.invoke(JUnit4Provider.java:104)
	at sun.reflect.NativeMethodAccessorImpl.invoke0(Native Method)
	at sun.reflect.NativeMethodAccessorImpl.invoke(NativeMethodAccessorImpl.java:62)
	at sun.reflect.DelegatingMethodAccessorImpl.invoke(DelegatingMethodAccessorImpl.java:43)
	at java.lang.reflect.Method.invoke(Method.java:498)
	at org.apache.maven.surefire.util.ReflectionUtils.invokeMethodWithArray(ReflectionUtils.java:164)
	at org.apache.maven.surefire.booter.ProviderFactory$ProviderProxy.invoke(ProviderFactory.java:110)
	at org.apache.maven.surefire.booter.SurefireStarter.invokeProvider(SurefireStarter.java:175)
	at org.apache.maven.surefire.booter.SurefireStarter.runSuitesInProcessWhenForked(SurefireStarter.java:107)
	at org.apache.maven.surefire.booter.ForkedBooter.main(ForkedBooter.java:68)
</error>
  </testcase>
</testsuite>